<?xml version="1.0" encoding="UTF-8"?>
<testsuite name="com.example.apptempleate.MemossistPromptBuilderTest" tests="9" skipped="0" failures="0" errors="0" timestamp="2026-08-15T10:39:08" hostname="DINESH" time="0.006">
  <properties/>
  <testcase name="testPrompt_ReminderAndAsking" classname="com.example.apptempleate.MemossistPromptBuilderTest" time="0.001"/>
  <testcase name="testPrompt_ReminderAndTelling" classname="com.example.apptempleate.MemossistPromptBuilderTest" time="0.0"/>
  <testcase name="testTokenReduction_SpecializedPromptsVsFallback" classname="com.example.apptempleate.MemossistPromptBuilderTest" time="0.002"/>
  <testcase name="testPrompt_ReminderAndMixed" classname="com.example.apptempleate.MemossistPromptBuilderTest" time="0.001"/>
  <testcase name="testPrompt_Asking" classname="com.example.apptempleate.MemossistPromptBuilderTest" time="0.0"/>
  <testcase name="testPrompt_Mixed" classname="com.example.apptempleate.MemossistPromptBuilderTest" time="0.0"/>
  <testcase name="testPrompt_Telling" classname="com.example.apptempleate.MemossistPromptBuilderTest" time="0.0"/>
  <testcase name="testPrompt_FallbackSafety" classname="com.example.apptempleate.MemossistPromptBuilderTest" time="0.001"/>
  <testcase name="testPrompt_ReminderOnly" classname="com.example.apptempleate.MemossistPromptBuilderTest" time="0.0"/>
  <system-out><![CDATA[]]></system-out>
  <system-err><![CDATA[]]></system-err>
</testsuite>
